e:\onedrive\onedrive - gachon.ac.kr\winapi_imitation\client\x64\debug\unity_7b1so9zouxrlf3zr.obj
e:\onedrive\onedrive - gachon.ac.kr\winapi_imitation\client\x64\debug\unity_dc7izwph71v0l4m0.obj
e:\onedrive\onedrive - gachon.ac.kr\winapi_imitation\client\x64\debug\unity_la0lx3wjt2u9jahu.obj
e:\onedrive\onedrive - gachon.ac.kr\winapi_imitation\client\x64\debug\vc143.pdb
e:\onedrive\onedrive - gachon.ac.kr\winapi_imitation\client\x64\debug\vc143.idb
e:\onedrive\onedrive - gachon.ac.kr\winapi_imitation\client\x64\debug\client.pch
e:\onedrive\onedrive - gachon.ac.kr\winapi_imitation\client\x64\debug\pch.obj
e:\onedrive\onedrive - gachon.ac.kr\winapi_imitation\client\x64\debug\unity_bidqfbylh2oenbmd.obj
e:\onedrive\onedrive - gachon.ac.kr\winapi_imitation\client\x64\debug\unity_k4hgxm7h57b2b3jw.obj
e:\onedrive\onedrive - gachon.ac.kr\winapi_imitation\client\x64\debug\unity_q2ecpqtbn6j06fm2.obj
e:\onedrive\onedrive - gachon.ac.kr\winapi_imitation\client\x64\debug\unity_6ihkd0bpx2n3j2hj.obj
e:\onedrive\onedrive - gachon.ac.kr\winapi_imitation\client\x64\debug\unity_v8jvxitp8jr55t8m.obj
e:\onedrive\onedrive - gachon.ac.kr\winapi_imitation\output\bin_debug\client.exe
e:\onedrive\onedrive - gachon.ac.kr\winapi_imitation\client\x64\debug\client.ilk
e:\onedrive\onedrive - gachon.ac.kr\winapi_imitation\output\bin_debug\client.pdb
e:\onedrive\onedrive - gachon.ac.kr\winapi_imitation\client\x64\debug\client.res
e:\onedrive\onedrive - gachon.ac.kr\winapi_imitation\client\x64\debug\unity_k4hgxm7h57b2b3jw.obj.enc
e:\onedrive\onedrive - gachon.ac.kr\winapi_imitation\client\x64\debug\unity_q2ecpqtbn6j06fm2.obj.enc
e:\onedrive\onedrive - gachon.ac.kr\winapi_imitation\client\x64\debug\client.tlog\cl.command.1.tlog
e:\onedrive\onedrive - gachon.ac.kr\winapi_imitation\client\x64\debug\client.tlog\cl.read.1.tlog
e:\onedrive\onedrive - gachon.ac.kr\winapi_imitation\client\x64\debug\client.tlog\cl.write.1.tlog
e:\onedrive\onedrive - gachon.ac.kr\winapi_imitation\client\x64\debug\client.tlog\link.command.1.tlog
e:\onedrive\onedrive - gachon.ac.kr\winapi_imitation\client\x64\debug\client.tlog\link.read.1.tlog
e:\onedrive\onedrive - gachon.ac.kr\winapi_imitation\client\x64\debug\client.tlog\link.write.1.tlog
e:\onedrive\onedrive - gachon.ac.kr\winapi_imitation\client\x64\debug\client.tlog\rc.command.1.tlog
e:\onedrive\onedrive - gachon.ac.kr\winapi_imitation\client\x64\debug\client.tlog\rc.read.1.tlog
e:\onedrive\onedrive - gachon.ac.kr\winapi_imitation\client\x64\debug\client.tlog\rc.write.1.tlog
