c:\users\deany\onedrive - gachon.ac.kr\winapi\client\x64\release\vc143.pdb
c:\users\deany\onedrive - gachon.ac.kr\winapi\client\x64\release\main.obj
c:\users\deany\onedrive - gachon.ac.kr\winapi\client\x64\release\ctimemgr.obj
c:\users\deany\onedrive - gachon.ac.kr\winapi\client\x64\release\ctexture.obj
c:\users\deany\onedrive - gachon.ac.kr\winapi\client\x64\release\csound.obj
c:\users\deany\onedrive - gachon.ac.kr\winapi\client\x64\release\cscene_start.obj
c:\users\deany\onedrive - gachon.ac.kr\winapi\client\x64\release\cscenemgr.obj
c:\users\deany\onedrive - gachon.ac.kr\winapi\client\x64\release\cscene.obj
c:\users\deany\onedrive - gachon.ac.kr\winapi\client\x64\release\cres.obj
c:\users\deany\onedrive - gachon.ac.kr\winapi\client\x64\release\cplayer.obj
c:\users\deany\onedrive - gachon.ac.kr\winapi\client\x64\release\cpathmgr.obj
c:\users\deany\onedrive - gachon.ac.kr\winapi\client\x64\release\cobject.obj
c:\users\deany\onedrive - gachon.ac.kr\winapi\client\x64\release\cmonster.obj
c:\users\deany\onedrive - gachon.ac.kr\winapi\client\x64\release\cmissile.obj
c:\users\deany\onedrive - gachon.ac.kr\winapi\client\x64\release\ckeymgr.obj
c:\users\deany\onedrive - gachon.ac.kr\winapi\client\x64\release\ccore.obj
c:\users\deany\onedrive - gachon.ac.kr\winapi\output\bin\client.exe
c:\users\deany\onedrive - gachon.ac.kr\winapi\client\x64\release\client.ipdb
c:\users\deany\onedrive - gachon.ac.kr\winapi\output\bin\client.pdb
c:\users\deany\onedrive - gachon.ac.kr\winapi\client\x64\release\client.iobj
c:\users\deany\onedrive - gachon.ac.kr\winapi\client\x64\release\client.res
c:\users\deany\onedrive - gachon.ac.kr\winapi\client\x64\release\client.tlog\cl.command.1.tlog
c:\users\deany\onedrive - gachon.ac.kr\winapi\client\x64\release\client.tlog\cl.read.1.tlog
c:\users\deany\onedrive - gachon.ac.kr\winapi\client\x64\release\client.tlog\cl.write.1.tlog
c:\users\deany\onedrive - gachon.ac.kr\winapi\client\x64\release\client.tlog\link.command.1.tlog
c:\users\deany\onedrive - gachon.ac.kr\winapi\client\x64\release\client.tlog\link.read.1.tlog
c:\users\deany\onedrive - gachon.ac.kr\winapi\client\x64\release\client.tlog\link.write.1.tlog
c:\users\deany\onedrive - gachon.ac.kr\winapi\client\x64\release\client.tlog\rc.command.1.tlog
c:\users\deany\onedrive - gachon.ac.kr\winapi\client\x64\release\client.tlog\rc.read.1.tlog
c:\users\deany\onedrive - gachon.ac.kr\winapi\client\x64\release\client.tlog\rc.write.1.tlog
